[2026-02-25T17:07:19.508094+00:00] [STARTUP] Database initialised
[2026-02-25T17:07:55.960036+00:00] [STARTUP] Database initialised
[2026-02-25T17:07:55.961540+00:00] [STARTUP] Python backend listening on http://localhost:4000
[2026-02-25T17:07:55.962118+00:00] [STARTUP] Date: 2026-02-25
[2026-02-25T17:10:43.216007+00:00] [STARTUP] Database initialised
[2026-02-25T17:10:43.217007+00:00] [STARTUP] Python backend listening on http://localhost:4000
[2026-02-25T17:10:43.217007+00:00] [STARTUP] Date: 2026-02-25
[2026-02-25T17:26:49.181548+00:00] [STARTUP] Database initialised
[2026-02-25T17:26:49.183078+00:00] [STARTUP] Python backend listening on http://localhost:4000
[2026-02-25T17:26:49.183078+00:00] [STARTUP] Date: 2026-02-25
[2026-02-25T17:28:38.107789+00:00] [CONNECT] Expiry: 2026-03-02
[2026-02-25T17:28:38.161167+00:00] [CONNECT SUCCESS] cleared=False
[2026-02-25T17:28:38.740595+00:00] [REQUEST] POST /api/process - expiry: 2026-03-02
[2026-02-25T17:28:38.742113+00:00] [UPSTOX FETCH] instrument=NSE_INDEX|Nifty 50 expiry=2026-03-02
[2026-02-25T17:28:39.125957+00:00] [UPSTOX FETCH] status=success rows=93
[2026-02-25T17:28:39.151427+00:00] [DATA POINT] {"id": 1, "timestamp": "2026-02-25T17:28:39.130474+00:00", "date": "2026-02-25", "underlying": 25482.5, "ce_oi": 136370455.0, "pe_oi": 88551255.0, "total_ce_oi_value": 6490894540.0, "total_pe_oi_value": 6540882188.75}
[2026-02-25T17:28:39.152706+00:00] [SUCCESS] Data saved – id=1 ts=2026-02-25T17:28:39.130474+00:00
[2026-02-25T17:29:38.750121+00:00] [REQUEST] POST /api/process - expiry: 2026-03-02
[2026-02-25T17:29:38.751626+00:00] [UPSTOX FETCH] instrument=NSE_INDEX|Nifty 50 expiry=2026-03-02
[2026-02-25T17:29:38.986718+00:00] [UPSTOX FETCH] status=success rows=93
[2026-02-25T17:29:39.045720+00:00] [DATA POINT] {"id": 2, "timestamp": "2026-02-25T17:29:38.991746+00:00", "date": "2026-02-25", "underlying": 25482.5, "ce_oi": 136370455.0, "pe_oi": 88551255.0, "total_ce_oi_value": 6490894540.0, "total_pe_oi_value": 6540882188.75}
[2026-02-25T17:29:39.046720+00:00] [SUCCESS] Data saved – id=2 ts=2026-02-25T17:29:38.991746+00:00
[2026-02-25T17:30:38.482933+00:00] [REQUEST] POST /api/process - expiry: 2026-03-02
[2026-02-25T17:30:38.485491+00:00] [UPSTOX FETCH] instrument=NSE_INDEX|Nifty 50 expiry=2026-03-02
[2026-02-25T17:30:38.668698+00:00] [UPSTOX FETCH] status=success rows=93
[2026-02-25T17:30:38.712155+00:00] [DATA POINT] {"id": 3, "timestamp": "2026-02-25T17:30:38.703035+00:00", "date": "2026-02-25", "underlying": 25482.5, "ce_oi": 136370455.0, "pe_oi": 88551255.0, "total_ce_oi_value": 6490894540.0, "total_pe_oi_value": 6540882188.75}
[2026-02-25T17:30:38.713153+00:00] [SUCCESS] Data saved – id=3 ts=2026-02-25T17:30:38.703035+00:00
[2026-02-25T17:31:38.501454+00:00] [REQUEST] POST /api/process - expiry: 2026-03-02
[2026-02-25T17:31:38.503459+00:00] [UPSTOX FETCH] instrument=NSE_INDEX|Nifty 50 expiry=2026-03-02
[2026-02-25T17:31:38.715377+00:00] [UPSTOX FETCH] status=success rows=93
[2026-02-25T17:31:38.727704+00:00] [DATA POINT] {"id": 4, "timestamp": "2026-02-25T17:31:38.718593+00:00", "date": "2026-02-25", "underlying": 25482.5, "ce_oi": 136370455.0, "pe_oi": 88551255.0, "total_ce_oi_value": 6490894540.0, "total_pe_oi_value": 6540882188.75}
[2026-02-25T17:31:38.727704+00:00] [SUCCESS] Data saved – id=4 ts=2026-02-25T17:31:38.718593+00:00
[2026-02-25T17:32:38.496354+00:00] [REQUEST] POST /api/process - expiry: 2026-03-02
[2026-02-25T17:32:38.499379+00:00] [UPSTOX FETCH] instrument=NSE_INDEX|Nifty 50 expiry=2026-03-02
[2026-02-25T17:32:38.730476+00:00] [UPSTOX FETCH] status=success rows=93
[2026-02-25T17:32:38.741909+00:00] [DATA POINT] {"id": 5, "timestamp": "2026-02-25T17:32:38.733010+00:00", "date": "2026-02-25", "underlying": 25482.5, "ce_oi": 136370455.0, "pe_oi": 88551255.0, "total_ce_oi_value": 6490894540.0, "total_pe_oi_value": 6540882188.75}
[2026-02-25T17:32:38.742919+00:00] [SUCCESS] Data saved – id=5 ts=2026-02-25T17:32:38.733010+00:00
[2026-02-25T17:33:38.484647+00:00] [REQUEST] POST /api/process - expiry: 2026-03-02
[2026-02-25T17:33:38.486163+00:00] [UPSTOX FETCH] instrument=NSE_INDEX|Nifty 50 expiry=2026-03-02
[2026-02-25T17:33:38.751333+00:00] [UPSTOX FETCH] status=success rows=93
[2026-02-25T17:33:38.763687+00:00] [DATA POINT] {"id": 6, "timestamp": "2026-02-25T17:33:38.755853+00:00", "date": "2026-02-25", "underlying": 25482.5, "ce_oi": 136370455.0, "pe_oi": 88551255.0, "total_ce_oi_value": 6490894540.0, "total_pe_oi_value": 6540882188.75}
[2026-02-25T17:33:38.765196+00:00] [SUCCESS] Data saved – id=6 ts=2026-02-25T17:33:38.755853+00:00
[2026-02-25T17:34:38.487785+00:00] [REQUEST] POST /api/process - expiry: 2026-03-02
[2026-02-25T17:34:38.489287+00:00] [UPSTOX FETCH] instrument=NSE_INDEX|Nifty 50 expiry=2026-03-02
[2026-02-25T17:34:38.745652+00:00] [UPSTOX FETCH] status=success rows=93
[2026-02-25T17:34:38.756773+00:00] [DATA POINT] {"id": 7, "timestamp": "2026-02-25T17:34:38.749191+00:00", "date": "2026-02-25", "underlying": 25482.5, "ce_oi": 136370455.0, "pe_oi": 88551255.0, "total_ce_oi_value": 6490894540.0, "total_pe_oi_value": 6540882188.75}
[2026-02-25T17:34:38.757772+00:00] [SUCCESS] Data saved – id=7 ts=2026-02-25T17:34:38.749191+00:00
[2026-02-25T17:35:38.498613+00:00] [REQUEST] POST /api/process - expiry: 2026-03-02
[2026-02-25T17:35:38.500242+00:00] [UPSTOX FETCH] instrument=NSE_INDEX|Nifty 50 expiry=2026-03-02
[2026-02-25T17:35:38.858523+00:00] [UPSTOX FETCH] status=success rows=93
[2026-02-25T17:35:38.870060+00:00] [DATA POINT] {"id": 8, "timestamp": "2026-02-25T17:35:38.862169+00:00", "date": "2026-02-25", "underlying": 25482.5, "ce_oi": 136370455.0, "pe_oi": 88551255.0, "total_ce_oi_value": 6490894540.0, "total_pe_oi_value": 6540882188.75}
[2026-02-25T17:35:38.870632+00:00] [SUCCESS] Data saved – id=8 ts=2026-02-25T17:35:38.862169+00:00
[2026-02-25T17:36:38.490623+00:00] [REQUEST] POST /api/process - expiry: 2026-03-02
[2026-02-25T17:36:38.492243+00:00] [UPSTOX FETCH] instrument=NSE_INDEX|Nifty 50 expiry=2026-03-02
[2026-02-25T17:36:38.817228+00:00] [UPSTOX FETCH] status=success rows=93
[2026-02-25T17:36:38.829835+00:00] [DATA POINT] {"id": 9, "timestamp": "2026-02-25T17:36:38.821821+00:00", "date": "2026-02-25", "underlying": 25482.5, "ce_oi": 136370455.0, "pe_oi": 88551255.0, "total_ce_oi_value": 6490894540.0, "total_pe_oi_value": 6540882188.75}
[2026-02-25T17:36:38.831413+00:00] [SUCCESS] Data saved – id=9 ts=2026-02-25T17:36:38.821821+00:00
[2026-02-25T17:37:38.749903+00:00] [REQUEST] POST /api/process - expiry: 2026-03-02
[2026-02-25T17:37:38.751414+00:00] [UPSTOX FETCH] instrument=NSE_INDEX|Nifty 50 expiry=2026-03-02
[2026-02-25T17:37:39.153422+00:00] [UPSTOX FETCH] status=success rows=93
[2026-02-25T17:37:39.209222+00:00] [DATA POINT] {"id": 10, "timestamp": "2026-02-25T17:37:39.156423+00:00", "date": "2026-02-25", "underlying": 25482.5, "ce_oi": 136370455.0, "pe_oi": 88551255.0, "total_ce_oi_value": 6490894540.0, "total_pe_oi_value": 6540882188.75}
[2026-02-25T17:37:39.210234+00:00] [SUCCESS] Data saved – id=10 ts=2026-02-25T17:37:39.156423+00:00
[2026-02-25T17:38:38.491079+00:00] [REQUEST] POST /api/process - expiry: 2026-03-02
[2026-02-25T17:38:38.492110+00:00] [UPSTOX FETCH] instrument=NSE_INDEX|Nifty 50 expiry=2026-03-02
[2026-02-25T17:38:38.793469+00:00] [UPSTOX FETCH] status=success rows=93
[2026-02-25T17:38:38.804277+00:00] [DATA POINT] {"id": 11, "timestamp": "2026-02-25T17:38:38.796103+00:00", "date": "2026-02-25", "underlying": 25482.5, "ce_oi": 136370455.0, "pe_oi": 88551255.0, "total_ce_oi_value": 6490894540.0, "total_pe_oi_value": 6540882188.75}
[2026-02-25T17:38:38.805276+00:00] [SUCCESS] Data saved – id=11 ts=2026-02-25T17:38:38.796103+00:00
[2026-02-25T17:39:38.491210+00:00] [REQUEST] POST /api/process - expiry: 2026-03-02
[2026-02-25T17:39:38.492220+00:00] [UPSTOX FETCH] instrument=NSE_INDEX|Nifty 50 expiry=2026-03-02
[2026-02-25T17:39:38.773850+00:00] [UPSTOX FETCH] status=success rows=93
[2026-02-25T17:39:38.787009+00:00] [DATA POINT] {"id": 12, "timestamp": "2026-02-25T17:39:38.778373+00:00", "date": "2026-02-25", "underlying": 25482.5, "ce_oi": 136370455.0, "pe_oi": 88551255.0, "total_ce_oi_value": 6490894540.0, "total_pe_oi_value": 6540882188.75}
[2026-02-25T17:39:38.788520+00:00] [SUCCESS] Data saved – id=12 ts=2026-02-25T17:39:38.778373+00:00
[2026-02-25T17:40:38.485572+00:00] [REQUEST] POST /api/process - expiry: 2026-03-02
[2026-02-25T17:40:38.487680+00:00] [UPSTOX FETCH] instrument=NSE_INDEX|Nifty 50 expiry=2026-03-02
[2026-02-25T17:40:38.734005+00:00] [UPSTOX FETCH] status=success rows=93
[2026-02-25T17:40:38.792372+00:00] [DATA POINT] {"id": 13, "timestamp": "2026-02-25T17:40:38.737028+00:00", "date": "2026-02-25", "underlying": 25482.5, "ce_oi": 136370455.0, "pe_oi": 88551255.0, "total_ce_oi_value": 6490894540.0, "total_pe_oi_value": 6540882188.75}
[2026-02-25T17:40:38.792372+00:00] [SUCCESS] Data saved – id=13 ts=2026-02-25T17:40:38.737028+00:00
[2026-02-25T17:48:08.910904+00:00] [STARTUP] Database initialised
[2026-02-25T17:48:08.910904+00:00] [STARTUP] Python backend listening on http://localhost:4000
[2026-02-25T17:48:08.911912+00:00] [STARTUP] Date: 2026-02-25
[2026-02-25T17:48:21.967728+00:00] [REQUEST] POST /api/process - expiry: 2026-03-02
[2026-02-25T17:48:21.970239+00:00] [UPSTOX FETCH] instrument=NSE_INDEX|Nifty 50 expiry=2026-03-02
[2026-02-25T17:48:22.485554+00:00] [UPSTOX FETCH] status=success rows=93
[2026-02-25T17:48:22.543616+00:00] [DATA POINT] {"id": 14, "timestamp": "2026-02-25T17:48:22.489066+00:00", "date": "2026-02-25", "underlying": 25482.5, "ce_oi": 136370455.0, "pe_oi": 88551255.0, "total_ce_oi_value": 6490894540.0, "total_pe_oi_value": 6540882188.75}
[2026-02-25T17:48:22.544638+00:00] [SUCCESS] Data saved – id=14 ts=2026-02-25T17:48:22.489066+00:00
[2026-02-25T17:49:21.979938+00:00] [REQUEST] POST /api/process - expiry: 2026-03-02
[2026-02-25T17:49:21.981620+00:00] [UPSTOX FETCH] instrument=NSE_INDEX|Nifty 50 expiry=2026-03-02
[2026-02-25T17:49:22.262891+00:00] [UPSTOX FETCH] status=success rows=93
[2026-02-25T17:49:22.319424+00:00] [DATA POINT] {"id": 15, "timestamp": "2026-02-25T17:49:22.265450+00:00", "date": "2026-02-25", "underlying": 25482.5, "ce_oi": 136370455.0, "pe_oi": 88551255.0, "total_ce_oi_value": 6490894540.0, "total_pe_oi_value": 6540882188.75}
[2026-02-25T17:49:22.319937+00:00] [SUCCESS] Data saved – id=15 ts=2026-02-25T17:49:22.265450+00:00
[2026-02-25T17:50:21.977807+00:00] [REQUEST] POST /api/process - expiry: 2026-03-02
[2026-02-25T17:50:21.980316+00:00] [UPSTOX FETCH] instrument=NSE_INDEX|Nifty 50 expiry=2026-03-02
[2026-02-25T17:50:22.264168+00:00] [UPSTOX FETCH] status=success rows=93
[2026-02-25T17:50:22.324523+00:00] [DATA POINT] {"id": 16, "timestamp": "2026-02-25T17:50:22.269717+00:00", "date": "2026-02-25", "underlying": 25482.5, "ce_oi": 136370455.0, "pe_oi": 88551255.0, "total_ce_oi_value": 6490894540.0, "total_pe_oi_value": 6540882188.75}
[2026-02-25T17:50:22.325533+00:00] [SUCCESS] Data saved – id=16 ts=2026-02-25T17:50:22.269717+00:00
[2026-02-25T17:51:21.980153+00:00] [REQUEST] POST /api/process - expiry: 2026-03-02
[2026-02-25T17:51:21.982700+00:00] [UPSTOX FETCH] instrument=NSE_INDEX|Nifty 50 expiry=2026-03-02
[2026-02-25T17:51:22.271563+00:00] [UPSTOX FETCH] status=success rows=93
[2026-02-25T17:51:22.327918+00:00] [DATA POINT] {"id": 17, "timestamp": "2026-02-25T17:51:22.275072+00:00", "date": "2026-02-25", "underlying": 25482.5, "ce_oi": 136370455.0, "pe_oi": 88551255.0, "total_ce_oi_value": 6490894540.0, "total_pe_oi_value": 6540882188.75}
[2026-02-25T17:51:22.327918+00:00] [SUCCESS] Data saved – id=17 ts=2026-02-25T17:51:22.275072+00:00
[2026-02-25T17:52:21.990585+00:00] [REQUEST] POST /api/process - expiry: 2026-03-02
[2026-02-25T17:52:21.992102+00:00] [UPSTOX FETCH] instrument=NSE_INDEX|Nifty 50 expiry=2026-03-02
[2026-02-25T17:52:22.342095+00:00] [UPSTOX FETCH] status=success rows=93
[2026-02-25T17:52:22.399471+00:00] [DATA POINT] {"id": 18, "timestamp": "2026-02-25T17:52:22.345614+00:00", "date": "2026-02-25", "underlying": 25482.5, "ce_oi": 136370455.0, "pe_oi": 88551255.0, "total_ce_oi_value": 6490894540.0, "total_pe_oi_value": 6540882188.75}
[2026-02-25T17:52:22.400483+00:00] [SUCCESS] Data saved – id=18 ts=2026-02-25T17:52:22.345614+00:00
[2026-02-25T17:53:21.988701+00:00] [REQUEST] POST /api/process - expiry: 2026-03-02
[2026-02-25T17:53:21.989207+00:00] [UPSTOX FETCH] instrument=NSE_INDEX|Nifty 50 expiry=2026-03-02
[2026-02-25T17:53:22.416066+00:00] [UPSTOX FETCH] status=success rows=93
[2026-02-25T17:53:22.427028+00:00] [DATA POINT] {"id": 19, "timestamp": "2026-02-25T17:53:22.419258+00:00", "date": "2026-02-25", "underlying": 25482.5, "ce_oi": 136370455.0, "pe_oi": 88551255.0, "total_ce_oi_value": 6490894540.0, "total_pe_oi_value": 6540882188.75}
[2026-02-25T17:53:22.428036+00:00] [SUCCESS] Data saved – id=19 ts=2026-02-25T17:53:22.419258+00:00
[2026-02-25T17:54:21.982977+00:00] [REQUEST] POST /api/process - expiry: 2026-03-02
[2026-02-25T17:54:21.984486+00:00] [UPSTOX FETCH] instrument=NSE_INDEX|Nifty 50 expiry=2026-03-02
[2026-02-25T17:54:22.274667+00:00] [UPSTOX FETCH] status=success rows=93
[2026-02-25T17:54:22.334390+00:00] [DATA POINT] {"id": 20, "timestamp": "2026-02-25T17:54:22.279699+00:00", "date": "2026-02-25", "underlying": 25482.5, "ce_oi": 136370455.0, "pe_oi": 88551255.0, "total_ce_oi_value": 6490894540.0, "total_pe_oi_value": 6540882188.75}
[2026-02-25T17:54:22.335406+00:00] [SUCCESS] Data saved – id=20 ts=2026-02-25T17:54:22.279699+00:00
[2026-02-25T17:55:21.976767+00:00] [REQUEST] POST /api/process - expiry: 2026-03-02
[2026-02-25T17:55:21.977768+00:00] [UPSTOX FETCH] instrument=NSE_INDEX|Nifty 50 expiry=2026-03-02
[2026-02-25T17:55:22.336042+00:00] [UPSTOX FETCH] status=success rows=93
[2026-02-25T17:55:22.391736+00:00] [DATA POINT] {"id": 21, "timestamp": "2026-02-25T17:55:22.339573+00:00", "date": "2026-02-25", "underlying": 25482.5, "ce_oi": 136370455.0, "pe_oi": 88551255.0, "total_ce_oi_value": 6490894540.0, "total_pe_oi_value": 6540882188.75}
[2026-02-25T17:55:22.392740+00:00] [SUCCESS] Data saved – id=21 ts=2026-02-25T17:55:22.339573+00:00
