[2026-02-26T02:58:25.369136+00:00] [STARTUP] Database initialised
[2026-02-26T02:58:25.400671+00:00] [STARTUP] Python backend listening on http://localhost:4000
[2026-02-26T02:58:25.401757+00:00] [STARTUP] Date: 2026-02-26
[2026-02-26T03:03:49.476104+00:00] [CONNECT] Expiry: 2026-03-02
[2026-02-26T03:03:49.528005+00:00] [URL CHECK] URL changed. Cleared snapshots.
[2026-02-26T03:03:49.534996+00:00] [CONNECT SUCCESS] cleared=True
[2026-02-26T03:03:50.150312+00:00] [REQUEST] POST /api/process - expiry: 2026-03-02
[2026-02-26T03:03:50.151388+00:00] [UPSTOX FETCH] instrument=NSE_INDEX|Nifty 50 expiry=2026-03-02
[2026-02-26T03:03:50.915565+00:00] [UPSTOX FETCH] status=success rows=93
[2026-02-26T03:03:51.014581+00:00] [DATA POINT] {"id": 22, "timestamp": "2026-02-26T03:03:50.997071+00:00", "date": "2026-02-26", "underlying": 25482.5, "ce_oi": 136370455.0, "pe_oi": 88551255.0, "total_ce_oi_value": 6490894540.0, "total_pe_oi_value": 6540882188.75}
[2026-02-26T03:03:51.014581+00:00] [SUCCESS] Data saved – id=22 ts=2026-02-26T03:03:50.997071+00:00
[2026-02-26T03:04:50.896823+00:00] [REQUEST] POST /api/process - expiry: 2026-03-02
[2026-02-26T03:04:50.898890+00:00] [UPSTOX FETCH] instrument=NSE_INDEX|Nifty 50 expiry=2026-03-02
[2026-02-26T03:04:51.288000+00:00] [UPSTOX FETCH] status=success rows=93
[2026-02-26T03:04:51.348083+00:00] [DATA POINT] {"id": 23, "timestamp": "2026-02-26T03:04:51.292849+00:00", "date": "2026-02-26", "underlying": 25482.5, "ce_oi": 136370455.0, "pe_oi": 88551255.0, "total_ce_oi_value": 6490894540.0, "total_pe_oi_value": 6540882188.75}
[2026-02-26T03:04:51.349729+00:00] [SUCCESS] Data saved – id=23 ts=2026-02-26T03:04:51.292849+00:00
[2026-02-26T03:05:50.890287+00:00] [REQUEST] POST /api/process - expiry: 2026-03-02
[2026-02-26T03:05:50.891298+00:00] [UPSTOX FETCH] instrument=NSE_INDEX|Nifty 50 expiry=2026-03-02
[2026-02-26T03:05:51.233193+00:00] [UPSTOX FETCH] status=success rows=93
[2026-02-26T03:05:51.290141+00:00] [DATA POINT] {"id": 24, "timestamp": "2026-02-26T03:05:51.235943+00:00", "date": "2026-02-26", "underlying": 25482.5, "ce_oi": 136370455.0, "pe_oi": 88551255.0, "total_ce_oi_value": 6490894540.0, "total_pe_oi_value": 6540882188.75}
[2026-02-26T03:05:51.291150+00:00] [SUCCESS] Data saved – id=24 ts=2026-02-26T03:05:51.235943+00:00
[2026-02-26T03:06:50.160838+00:00] [REQUEST] POST /api/process - expiry: 2026-03-02
[2026-02-26T03:06:50.162808+00:00] [UPSTOX FETCH] instrument=NSE_INDEX|Nifty 50 expiry=2026-03-02
[2026-02-26T03:06:50.551654+00:00] [UPSTOX FETCH] status=success rows=93
[2026-02-26T03:06:50.613680+00:00] [DATA POINT] {"id": 25, "timestamp": "2026-02-26T03:06:50.556272+00:00", "date": "2026-02-26", "underlying": 25482.5, "ce_oi": 136370455.0, "pe_oi": 88551255.0, "total_ce_oi_value": 6490894540.0, "total_pe_oi_value": 6540882188.75}
[2026-02-26T03:06:50.614221+00:00] [SUCCESS] Data saved – id=25 ts=2026-02-26T03:06:50.556272+00:00
[2026-02-26T03:07:50.888246+00:00] [REQUEST] POST /api/process - expiry: 2026-03-02
[2026-02-26T03:07:50.890764+00:00] [UPSTOX FETCH] instrument=NSE_INDEX|Nifty 50 expiry=2026-03-02
[2026-02-26T03:07:51.191536+00:00] [UPSTOX FETCH] status=success rows=93
[2026-02-26T03:07:51.250987+00:00] [DATA POINT] {"id": 26, "timestamp": "2026-02-26T03:07:51.196120+00:00", "date": "2026-02-26", "underlying": 25482.5, "ce_oi": 136370455.0, "pe_oi": 88551255.0, "total_ce_oi_value": 6490894540.0, "total_pe_oi_value": 6540882188.75}
[2026-02-26T03:07:51.252005+00:00] [SUCCESS] Data saved – id=26 ts=2026-02-26T03:07:51.196120+00:00
[2026-02-26T03:08:50.621759+00:00] [REQUEST] POST /api/process - expiry: 2026-03-02
[2026-02-26T03:08:50.624035+00:00] [UPSTOX FETCH] instrument=NSE_INDEX|Nifty 50 expiry=2026-03-02
[2026-02-26T03:08:50.985709+00:00] [UPSTOX FETCH] status=success rows=93
[2026-02-26T03:08:51.047981+00:00] [DATA POINT] {"id": 27, "timestamp": "2026-02-26T03:08:50.990815+00:00", "date": "2026-02-26", "underlying": 25482.5, "ce_oi": 136370455.0, "pe_oi": 88551255.0, "total_ce_oi_value": 6490894540.0, "total_pe_oi_value": 6540882188.75}
[2026-02-26T03:08:51.050146+00:00] [SUCCESS] Data saved – id=27 ts=2026-02-26T03:08:50.990815+00:00
[2026-02-26T03:09:50.622948+00:00] [REQUEST] POST /api/process - expiry: 2026-03-02
[2026-02-26T03:09:50.624457+00:00] [UPSTOX FETCH] instrument=NSE_INDEX|Nifty 50 expiry=2026-03-02
[2026-02-26T03:09:51.089339+00:00] [UPSTOX FETCH] status=success rows=93
[2026-02-26T03:09:51.147075+00:00] [DATA POINT] {"id": 28, "timestamp": "2026-02-26T03:09:51.094127+00:00", "date": "2026-02-26", "underlying": 25482.5, "ce_oi": 136370455.0, "pe_oi": 88551255.0, "total_ce_oi_value": 6490894540.0, "total_pe_oi_value": 6540882188.75}
[2026-02-26T03:09:51.147075+00:00] [SUCCESS] Data saved – id=28 ts=2026-02-26T03:09:51.094127+00:00
[2026-02-26T03:10:50.890088+00:00] [REQUEST] POST /api/process - expiry: 2026-03-02
[2026-02-26T03:10:50.891241+00:00] [UPSTOX FETCH] instrument=NSE_INDEX|Nifty 50 expiry=2026-03-02
[2026-02-26T03:10:51.307423+00:00] [UPSTOX FETCH] status=success rows=93
[2026-02-26T03:10:51.364205+00:00] [DATA POINT] {"id": 29, "timestamp": "2026-02-26T03:10:51.311117+00:00", "date": "2026-02-26", "underlying": 25482.5, "ce_oi": 136370455.0, "pe_oi": 88551255.0, "total_ce_oi_value": 6490894540.0, "total_pe_oi_value": 6540882188.75}
[2026-02-26T03:10:51.364205+00:00] [SUCCESS] Data saved – id=29 ts=2026-02-26T03:10:51.311117+00:00
[2026-02-26T03:11:01.994731+00:00] [STARTUP] Database initialised
[2026-02-26T03:11:01.995729+00:00] [STARTUP] Python backend listening on http://localhost:4000
[2026-02-26T03:11:01.996729+00:00] [STARTUP] Date: 2026-02-26
[2026-02-26T03:11:10.209891+00:00] [REQUEST] POST /api/process - expiry: 2026-03-02
[2026-02-26T03:11:10.211750+00:00] [UPSTOX FETCH] instrument=NSE_INDEX|Nifty 50 expiry=2026-03-02
[2026-02-26T03:11:10.678213+00:00] [UPSTOX FETCH] status=success rows=93
[2026-02-26T03:11:10.708547+00:00] [DATA POINT] {"id": 30, "timestamp": "2026-02-26T03:11:10.696523+00:00", "date": "2026-02-26", "underlying": 25482.5, "ce_oi": 136370455.0, "pe_oi": 88551255.0, "total_ce_oi_value": 6490894540.0, "total_pe_oi_value": 6540882188.75}
[2026-02-26T03:11:10.709563+00:00] [SUCCESS] Data saved – id=30 ts=2026-02-26T03:11:10.696523+00:00
[2026-02-26T03:12:10.231478+00:00] [REQUEST] POST /api/process - expiry: 2026-03-02
[2026-02-26T03:12:10.233992+00:00] [UPSTOX FETCH] instrument=NSE_INDEX|Nifty 50 expiry=2026-03-02
[2026-02-26T03:12:10.553590+00:00] [UPSTOX FETCH] status=success rows=93
[2026-02-26T03:12:10.611165+00:00] [DATA POINT] {"id": 31, "timestamp": "2026-02-26T03:12:10.559509+00:00", "date": "2026-02-26", "underlying": 25482.5, "ce_oi": 136370455.0, "pe_oi": 88551255.0, "total_ce_oi_value": 6490894540.0, "total_pe_oi_value": 6540882188.75}
[2026-02-26T03:12:10.612465+00:00] [SUCCESS] Data saved – id=31 ts=2026-02-26T03:12:10.559509+00:00
[2026-02-26T03:13:10.879137+00:00] [REQUEST] POST /api/process - expiry: 2026-03-02
[2026-02-26T03:13:10.880782+00:00] [UPSTOX FETCH] instrument=NSE_INDEX|Nifty 50 expiry=2026-03-02
[2026-02-26T03:13:11.190179+00:00] [UPSTOX FETCH] status=success rows=93
[2026-02-26T03:13:11.250301+00:00] [DATA POINT] {"id": 32, "timestamp": "2026-02-26T03:13:11.194932+00:00", "date": "2026-02-26", "underlying": 25482.5, "ce_oi": 136370455.0, "pe_oi": 88551255.0, "total_ce_oi_value": 6490894540.0, "total_pe_oi_value": 6540882188.75}
[2026-02-26T03:13:11.250817+00:00] [SUCCESS] Data saved – id=32 ts=2026-02-26T03:13:11.194932+00:00
[2026-02-26T03:14:10.617689+00:00] [REQUEST] POST /api/process - expiry: 2026-03-02
[2026-02-26T03:14:10.619251+00:00] [UPSTOX FETCH] instrument=NSE_INDEX|Nifty 50 expiry=2026-03-02
[2026-02-26T03:14:11.088388+00:00] [UPSTOX FETCH] status=success rows=93
[2026-02-26T03:14:11.144589+00:00] [DATA POINT] {"id": 33, "timestamp": "2026-02-26T03:14:11.092804+00:00", "date": "2026-02-26", "underlying": 25482.5, "ce_oi": 136370455.0, "pe_oi": 88551255.0, "total_ce_oi_value": 6490894540.0, "total_pe_oi_value": 6540882188.75}
[2026-02-26T03:14:11.145739+00:00] [SUCCESS] Data saved – id=33 ts=2026-02-26T03:14:11.092804+00:00
[2026-02-26T03:15:10.612921+00:00] [REQUEST] POST /api/process - expiry: 2026-03-02
[2026-02-26T03:15:10.616126+00:00] [UPSTOX FETCH] instrument=NSE_INDEX|Nifty 50 expiry=2026-03-02
[2026-02-26T03:15:11.134992+00:00] [UPSTOX FETCH] status=success rows=93
[2026-02-26T03:15:11.195005+00:00] [DATA POINT] {"id": 34, "timestamp": "2026-02-26T03:15:11.139242+00:00", "date": "2026-02-26", "underlying": 25482.5, "ce_oi": 136370455.0, "pe_oi": 88551255.0, "total_ce_oi_value": 6490894540.0, "total_pe_oi_value": 6540882188.75}
[2026-02-26T03:15:11.196004+00:00] [SUCCESS] Data saved – id=34 ts=2026-02-26T03:15:11.139242+00:00
[2026-02-26T03:16:10.619048+00:00] [REQUEST] POST /api/process - expiry: 2026-03-02
[2026-02-26T03:16:10.620596+00:00] [UPSTOX FETCH] instrument=NSE_INDEX|Nifty 50 expiry=2026-03-02
[2026-02-26T03:16:10.987485+00:00] [UPSTOX FETCH] status=success rows=93
[2026-02-26T03:16:11.041942+00:00] [DATA POINT] {"id": 35, "timestamp": "2026-02-26T03:16:10.990513+00:00", "date": "2026-02-26", "underlying": 25482.5, "ce_oi": 136370455.0, "pe_oi": 88551255.0, "total_ce_oi_value": 6490894540.0, "total_pe_oi_value": 6540882188.75}
[2026-02-26T03:16:11.042942+00:00] [SUCCESS] Data saved – id=35 ts=2026-02-26T03:16:10.990513+00:00
[2026-02-26T03:17:10.617177+00:00] [REQUEST] POST /api/process - expiry: 2026-03-02
[2026-02-26T03:17:10.618715+00:00] [UPSTOX FETCH] instrument=NSE_INDEX|Nifty 50 expiry=2026-03-02
[2026-02-26T03:17:11.402084+00:00] [UPSTOX FETCH] status=success rows=93
[2026-02-26T03:17:11.459933+00:00] [DATA POINT] {"id": 36, "timestamp": "2026-02-26T03:17:11.406278+00:00", "date": "2026-02-26", "underlying": 25482.5, "ce_oi": 136370455.0, "pe_oi": 88551255.0, "total_ce_oi_value": 6490894540.0, "total_pe_oi_value": 6540882188.75}
[2026-02-26T03:17:11.460441+00:00] [SUCCESS] Data saved – id=36 ts=2026-02-26T03:17:11.406278+00:00
[2026-02-26T03:18:10.629127+00:00] [REQUEST] POST /api/process - expiry: 2026-03-02
[2026-02-26T03:18:10.630707+00:00] [UPSTOX FETCH] instrument=NSE_INDEX|Nifty 50 expiry=2026-03-02
[2026-02-26T03:18:10.895083+00:00] [UPSTOX FETCH] status=success rows=93
[2026-02-26T03:18:10.954822+00:00] [DATA POINT] {"id": 37, "timestamp": "2026-02-26T03:18:10.899658+00:00", "date": "2026-02-26", "underlying": 25482.5, "ce_oi": 136370455.0, "pe_oi": 88551255.0, "total_ce_oi_value": 6490894540.0, "total_pe_oi_value": 6540882188.75}
[2026-02-26T03:18:10.954822+00:00] [SUCCESS] Data saved – id=37 ts=2026-02-26T03:18:10.899658+00:00
[2026-02-26T03:19:10.619045+00:00] [REQUEST] POST /api/process - expiry: 2026-03-02
[2026-02-26T03:19:10.621590+00:00] [UPSTOX FETCH] instrument=NSE_INDEX|Nifty 50 expiry=2026-03-02
[2026-02-26T03:19:10.914293+00:00] [UPSTOX FETCH] status=success rows=93
[2026-02-26T03:19:10.968939+00:00] [DATA POINT] {"id": 38, "timestamp": "2026-02-26T03:19:10.917475+00:00", "date": "2026-02-26", "underlying": 25482.5, "ce_oi": 136370455.0, "pe_oi": 88551255.0, "total_ce_oi_value": 6490894540.0, "total_pe_oi_value": 6540882188.75}
[2026-02-26T03:19:10.970448+00:00] [SUCCESS] Data saved – id=38 ts=2026-02-26T03:19:10.917475+00:00
[2026-02-26T03:20:10.624534+00:00] [REQUEST] POST /api/process - expiry: 2026-03-02
[2026-02-26T03:20:10.626659+00:00] [UPSTOX FETCH] instrument=NSE_INDEX|Nifty 50 expiry=2026-03-02
[2026-02-26T03:20:10.905704+00:00] [UPSTOX FETCH] status=success rows=93
[2026-02-26T03:20:10.961734+00:00] [DATA POINT] {"id": 39, "timestamp": "2026-02-26T03:20:10.908708+00:00", "date": "2026-02-26", "underlying": 25482.5, "ce_oi": 136370455.0, "pe_oi": 88551255.0, "total_ce_oi_value": 6490894540.0, "total_pe_oi_value": 6540882188.75}
[2026-02-26T03:20:10.961734+00:00] [SUCCESS] Data saved – id=39 ts=2026-02-26T03:20:10.908708+00:00
[2026-02-26T03:21:33.883099+00:00] [REQUEST] POST /api/process - expiry: 2026-03-02
[2026-02-26T03:21:33.885655+00:00] [UPSTOX FETCH] instrument=NSE_INDEX|Nifty 50 expiry=2026-03-02
[2026-02-26T03:21:34.234720+00:00] [UPSTOX FETCH] status=success rows=93
[2026-02-26T03:21:34.250100+00:00] [DATA POINT] {"id": 40, "timestamp": "2026-02-26T03:21:34.238938+00:00", "date": "2026-02-26", "underlying": 25482.5, "ce_oi": 136370455.0, "pe_oi": 88551255.0, "total_ce_oi_value": 6490894540.0, "total_pe_oi_value": 6540882188.75}
[2026-02-26T03:21:34.250650+00:00] [SUCCESS] Data saved – id=40 ts=2026-02-26T03:21:34.238938+00:00
[2026-02-26T03:22:33.629218+00:00] [REQUEST] POST /api/process - expiry: 2026-03-02
[2026-02-26T03:22:33.630224+00:00] [UPSTOX FETCH] instrument=NSE_INDEX|Nifty 50 expiry=2026-03-02
[2026-02-26T03:22:33.957375+00:00] [UPSTOX FETCH] status=success rows=93
[2026-02-26T03:22:34.015165+00:00] [DATA POINT] {"id": 41, "timestamp": "2026-02-26T03:22:33.961460+00:00", "date": "2026-02-26", "underlying": 25482.5, "ce_oi": 136370455.0, "pe_oi": 88551255.0, "total_ce_oi_value": 6490894540.0, "total_pe_oi_value": 6540882188.75}
[2026-02-26T03:22:34.015668+00:00] [SUCCESS] Data saved – id=41 ts=2026-02-26T03:22:33.961460+00:00
[2026-02-26T03:23:33.636027+00:00] [REQUEST] POST /api/process - expiry: 2026-03-02
[2026-02-26T03:23:33.637550+00:00] [UPSTOX FETCH] instrument=NSE_INDEX|Nifty 50 expiry=2026-03-02
[2026-02-26T03:23:34.172736+00:00] [UPSTOX FETCH] status=success rows=93
[2026-02-26T03:23:34.188424+00:00] [DATA POINT] {"id": 42, "timestamp": "2026-02-26T03:23:34.177865+00:00", "date": "2026-02-26", "underlying": 25482.5, "ce_oi": 136370455.0, "pe_oi": 88551255.0, "total_ce_oi_value": 6490894540.0, "total_pe_oi_value": 6540882188.75}
[2026-02-26T03:23:34.188928+00:00] [SUCCESS] Data saved – id=42 ts=2026-02-26T03:23:34.177865+00:00
[2026-02-26T03:24:33.622496+00:00] [REQUEST] POST /api/process - expiry: 2026-03-02
[2026-02-26T03:24:33.624505+00:00] [UPSTOX FETCH] instrument=NSE_INDEX|Nifty 50 expiry=2026-03-02
[2026-02-26T03:24:33.980917+00:00] [UPSTOX FETCH] status=success rows=93
[2026-02-26T03:24:34.024593+00:00] [DATA POINT] {"id": 43, "timestamp": "2026-02-26T03:24:33.983968+00:00", "date": "2026-02-26", "underlying": 25482.5, "ce_oi": 136370455.0, "pe_oi": 88551255.0, "total_ce_oi_value": 6490894540.0, "total_pe_oi_value": 6540882188.75}
[2026-02-26T03:24:34.026221+00:00] [SUCCESS] Data saved – id=43 ts=2026-02-26T03:24:33.983968+00:00
[2026-02-26T03:25:33.644229+00:00] [REQUEST] POST /api/process - expiry: 2026-03-02
[2026-02-26T03:25:33.646774+00:00] [UPSTOX FETCH] instrument=NSE_INDEX|Nifty 50 expiry=2026-03-02
[2026-02-26T03:25:33.993835+00:00] [UPSTOX FETCH] status=success rows=93
[2026-02-26T03:25:34.055247+00:00] [DATA POINT] {"id": 44, "timestamp": "2026-02-26T03:25:33.999323+00:00", "date": "2026-02-26", "underlying": 25482.5, "ce_oi": 136370455.0, "pe_oi": 88551255.0, "total_ce_oi_value": 6490894540.0, "total_pe_oi_value": 6540882188.75}
[2026-02-26T03:25:34.055247+00:00] [SUCCESS] Data saved – id=44 ts=2026-02-26T03:25:33.999323+00:00
[2026-02-26T03:26:33.627414+00:00] [REQUEST] POST /api/process - expiry: 2026-03-02
[2026-02-26T03:26:33.629461+00:00] [UPSTOX FETCH] instrument=NSE_INDEX|Nifty 50 expiry=2026-03-02
[2026-02-26T03:26:33.874268+00:00] [UPSTOX FETCH] status=success rows=93
[2026-02-26T03:26:33.933433+00:00] [DATA POINT] {"id": 45, "timestamp": "2026-02-26T03:26:33.878198+00:00", "date": "2026-02-26", "underlying": 25482.5, "ce_oi": 136370455.0, "pe_oi": 88551255.0, "total_ce_oi_value": 6490894540.0, "total_pe_oi_value": 6540882188.75}
[2026-02-26T03:26:33.933433+00:00] [SUCCESS] Data saved – id=45 ts=2026-02-26T03:26:33.878198+00:00
[2026-02-26T03:27:33.612552+00:00] [REQUEST] POST /api/process - expiry: 2026-03-02
[2026-02-26T03:27:33.614085+00:00] [UPSTOX FETCH] instrument=NSE_INDEX|Nifty 50 expiry=2026-03-02
[2026-02-26T03:27:33.879689+00:00] [UPSTOX FETCH] status=success rows=93
[2026-02-26T03:27:33.892906+00:00] [DATA POINT] {"id": 46, "timestamp": "2026-02-26T03:27:33.883209+00:00", "date": "2026-02-26", "underlying": 25482.5, "ce_oi": 136370455.0, "pe_oi": 88551255.0, "total_ce_oi_value": 6490894540.0, "total_pe_oi_value": 6540882188.75}
[2026-02-26T03:27:33.892906+00:00] [SUCCESS] Data saved – id=46 ts=2026-02-26T03:27:33.883209+00:00
[2026-02-26T03:28:33.618458+00:00] [REQUEST] POST /api/process - expiry: 2026-03-02
[2026-02-26T03:28:33.665979+00:00] [UPSTOX FETCH] instrument=NSE_INDEX|Nifty 50 expiry=2026-03-02
[2026-02-26T03:28:34.004020+00:00] [UPSTOX FETCH] status=success rows=93
[2026-02-26T03:28:34.064460+00:00] [DATA POINT] {"id": 47, "timestamp": "2026-02-26T03:28:34.055411+00:00", "date": "2026-02-26", "underlying": 25482.5, "ce_oi": 136370455.0, "pe_oi": 88551255.0, "total_ce_oi_value": 6490894540.0, "total_pe_oi_value": 6540882188.75}
[2026-02-26T03:28:34.064987+00:00] [SUCCESS] Data saved – id=47 ts=2026-02-26T03:28:34.055411+00:00
[2026-02-26T03:29:33.629201+00:00] [REQUEST] POST /api/process - expiry: 2026-03-02
[2026-02-26T03:29:33.629741+00:00] [UPSTOX FETCH] instrument=NSE_INDEX|Nifty 50 expiry=2026-03-02
[2026-02-26T03:29:33.843038+00:00] [UPSTOX FETCH] status=success rows=93
[2026-02-26T03:29:33.902974+00:00] [DATA POINT] {"id": 48, "timestamp": "2026-02-26T03:29:33.847894+00:00", "date": "2026-02-26", "underlying": 25482.5, "ce_oi": 136370455.0, "pe_oi": 88551255.0, "total_ce_oi_value": 6490894540.0, "total_pe_oi_value": 6540882188.75}
[2026-02-26T03:29:33.903989+00:00] [SUCCESS] Data saved – id=48 ts=2026-02-26T03:29:33.847894+00:00
[2026-02-26T03:30:33.632779+00:00] [REQUEST] POST /api/process - expiry: 2026-03-02
[2026-02-26T03:30:33.634455+00:00] [UPSTOX FETCH] instrument=NSE_INDEX|Nifty 50 expiry=2026-03-02
[2026-02-26T03:30:34.141470+00:00] [UPSTOX FETCH] status=success rows=93
[2026-02-26T03:30:34.202980+00:00] [DATA POINT] {"id": 49, "timestamp": "2026-02-26T03:30:34.147750+00:00", "date": "2026-02-26", "underlying": 25670.6, "ce_oi": 136370455.0, "pe_oi": 88551255.0, "total_ce_oi_value": 6490894540.0, "total_pe_oi_value": 6540882188.75}
[2026-02-26T03:30:34.204859+00:00] [SUCCESS] Data saved – id=49 ts=2026-02-26T03:30:34.147750+00:00
[2026-02-26T03:31:33.643121+00:00] [REQUEST] POST /api/process - expiry: 2026-03-02
[2026-02-26T03:31:33.645131+00:00] [UPSTOX FETCH] instrument=NSE_INDEX|Nifty 50 expiry=2026-03-02
[2026-02-26T03:31:34.030123+00:00] [UPSTOX FETCH] status=success rows=93
[2026-02-26T03:31:34.089873+00:00] [DATA POINT] {"id": 50, "timestamp": "2026-02-26T03:31:34.033125+00:00", "date": "2026-02-26", "underlying": 25581.65, "ce_oi": 136370455.0, "pe_oi": 88551255.0, "total_ce_oi_value": 6490894540.0, "total_pe_oi_value": 6540882188.75}
[2026-02-26T03:31:34.089873+00:00] [SUCCESS] Data saved – id=50 ts=2026-02-26T03:31:34.033125+00:00
[2026-02-26T03:32:33.620737+00:00] [REQUEST] POST /api/process - expiry: 2026-03-02
[2026-02-26T03:32:33.622833+00:00] [UPSTOX FETCH] instrument=NSE_INDEX|Nifty 50 expiry=2026-03-02
[2026-02-26T03:32:33.910555+00:00] [UPSTOX FETCH] status=success rows=93
[2026-02-26T03:32:33.969102+00:00] [DATA POINT] {"id": 51, "timestamp": "2026-02-26T03:32:33.916197+00:00", "date": "2026-02-26", "underlying": 25539.7, "ce_oi": 136370455.0, "pe_oi": 88551255.0, "total_ce_oi_value": 6490894540.0, "total_pe_oi_value": 6540882188.75}
[2026-02-26T03:32:33.970613+00:00] [SUCCESS] Data saved – id=51 ts=2026-02-26T03:32:33.916197+00:00
[2026-02-26T04:22:53.383286+00:00] [STARTUP] Database initialised
[2026-02-26T04:22:53.383286+00:00] [STARTUP] Python backend listening on http://localhost:4000
[2026-02-26T04:22:53.384874+00:00] [STARTUP] Date: 2026-02-26
[2026-02-26T04:23:33.887440+00:00] [REQUEST] POST /api/process - expiry: 2026-03-02
[2026-02-26T04:23:33.890134+00:00] [UPSTOX FETCH] instrument=NSE_INDEX|Nifty 50 expiry=2026-03-02
[2026-02-26T04:23:53.222480+00:00] [ERROR] [POST /api/process] ('Connection aborted.', RemoteDisconnected('Remote end closed connection without response'))
[2026-02-26T04:24:33.621183+00:00] [REQUEST] POST /api/process - expiry: 2026-03-02
[2026-02-26T04:24:33.623195+00:00] [UPSTOX FETCH] instrument=NSE_INDEX|Nifty 50 expiry=2026-03-02
[2026-02-26T04:24:35.013020+00:00] [UPSTOX FETCH] status=success rows=93
[2026-02-26T04:24:35.080658+00:00] [DATA POINT] {"id": 52, "timestamp": "2026-02-26T04:24:35.068823+00:00", "date": "2026-02-26", "underlying": 25524.8, "ce_oi": 153211825.0, "pe_oi": 123628570.0, "total_ce_oi_value": 7853195665.25, "total_pe_oi_value": 8119436042.25}
[2026-02-26T04:24:35.082233+00:00] [SUCCESS] Data saved – id=52 ts=2026-02-26T04:24:35.068823+00:00
[2026-02-26T04:25:33.640187+00:00] [REQUEST] POST /api/process - expiry: 2026-03-02
[2026-02-26T04:25:33.643170+00:00] [UPSTOX FETCH] instrument=NSE_INDEX|Nifty 50 expiry=2026-03-02
[2026-02-26T04:25:34.009843+00:00] [UPSTOX FETCH] status=success rows=93
[2026-02-26T04:25:34.068820+00:00] [DATA POINT] {"id": 53, "timestamp": "2026-02-26T04:25:34.014375+00:00", "date": "2026-02-26", "underlying": 25501.5, "ce_oi": 153138115.0, "pe_oi": 121473885.0, "total_ce_oi_value": 7273091991.75, "total_pe_oi_value": 8638519386.25}
[2026-02-26T04:25:34.070343+00:00] [SUCCESS] Data saved – id=53 ts=2026-02-26T04:25:34.014375+00:00
[2026-02-26T04:26:33.642276+00:00] [REQUEST] POST /api/process - expiry: 2026-03-02
[2026-02-26T04:26:33.644793+00:00] [UPSTOX FETCH] instrument=NSE_INDEX|Nifty 50 expiry=2026-03-02
[2026-02-26T04:26:33.998985+00:00] [UPSTOX FETCH] status=success rows=93
[2026-02-26T04:26:34.061833+00:00] [DATA POINT] {"id": 54, "timestamp": "2026-02-26T04:26:34.004530+00:00", "date": "2026-02-26", "underlying": 25516.3, "ce_oi": 153154430.0, "pe_oi": 121484610.0, "total_ce_oi_value": 7554128533.25, "total_pe_oi_value": 8140795848.25}
[2026-02-26T04:26:34.062869+00:00] [SUCCESS] Data saved – id=54 ts=2026-02-26T04:26:34.004530+00:00
[2026-02-26T04:27:33.622676+00:00] [REQUEST] POST /api/process - expiry: 2026-03-02
[2026-02-26T04:27:33.624695+00:00] [UPSTOX FETCH] instrument=NSE_INDEX|Nifty 50 expiry=2026-03-02
[2026-02-26T04:27:34.114806+00:00] [UPSTOX FETCH] status=success rows=93
[2026-02-26T04:27:34.176079+00:00] [DATA POINT] {"id": 55, "timestamp": "2026-02-26T04:27:34.120845+00:00", "date": "2026-02-26", "underlying": 25520.3, "ce_oi": 153166390.0, "pe_oi": 121484740.0, "total_ce_oi_value": 7609135644.5, "total_pe_oi_value": 8024338812.75}
[2026-02-26T04:27:34.177087+00:00] [SUCCESS] Data saved – id=55 ts=2026-02-26T04:27:34.120845+00:00
[2026-02-26T04:28:33.631869+00:00] [REQUEST] POST /api/process - expiry: 2026-03-02
[2026-02-26T04:28:33.633939+00:00] [UPSTOX FETCH] instrument=NSE_INDEX|Nifty 50 expiry=2026-03-02
[2026-02-26T04:28:33.911911+00:00] [UPSTOX FETCH] status=success rows=93
[2026-02-26T04:28:33.986278+00:00] [DATA POINT] {"id": 56, "timestamp": "2026-02-26T04:28:33.917774+00:00", "date": "2026-02-26", "underlying": 25514.0, "ce_oi": 156163085.0, "pe_oi": 120312335.0, "total_ce_oi_value": 7786918532.25, "total_pe_oi_value": 8124269071.75}
[2026-02-26T04:28:33.987272+00:00] [SUCCESS] Data saved – id=56 ts=2026-02-26T04:28:33.917774+00:00
[2026-02-26T04:29:33.631317+00:00] [REQUEST] POST /api/process - expiry: 2026-03-02
[2026-02-26T04:29:33.633297+00:00] [UPSTOX FETCH] instrument=NSE_INDEX|Nifty 50 expiry=2026-03-02
[2026-02-26T04:29:33.988813+00:00] [UPSTOX FETCH] status=success rows=93
[2026-02-26T04:29:34.050689+00:00] [DATA POINT] {"id": 57, "timestamp": "2026-02-26T04:29:33.993376+00:00", "date": "2026-02-26", "underlying": 25507.0, "ce_oi": 156161395.0, "pe_oi": 120308240.0, "total_ce_oi_value": 7652516309.75, "total_pe_oi_value": 8362615852.5}
[2026-02-26T04:29:34.051783+00:00] [SUCCESS] Data saved – id=57 ts=2026-02-26T04:29:33.993376+00:00
[2026-02-26T04:30:33.644012+00:00] [REQUEST] POST /api/process - expiry: 2026-03-02
[2026-02-26T04:30:33.647003+00:00] [UPSTOX FETCH] instrument=NSE_INDEX|Nifty 50 expiry=2026-03-02
[2026-02-26T04:30:33.967635+00:00] [UPSTOX FETCH] status=success rows=93
[2026-02-26T04:30:34.030885+00:00] [DATA POINT] {"id": 58, "timestamp": "2026-02-26T04:30:33.974522+00:00", "date": "2026-02-26", "underlying": 25517.75, "ce_oi": 156161265.0, "pe_oi": 120307720.0, "total_ce_oi_value": 7950060911.0, "total_pe_oi_value": 7998195474.75}
[2026-02-26T04:30:34.031881+00:00] [SUCCESS] Data saved – id=58 ts=2026-02-26T04:30:33.974522+00:00
[2026-02-26T04:31:33.626069+00:00] [REQUEST] POST /api/process - expiry: 2026-03-02
[2026-02-26T04:31:33.628079+00:00] [UPSTOX FETCH] instrument=NSE_INDEX|Nifty 50 expiry=2026-03-02
[2026-02-26T04:31:33.936431+00:00] [UPSTOX FETCH] status=success rows=93
[2026-02-26T04:31:33.997173+00:00] [DATA POINT] {"id": 59, "timestamp": "2026-02-26T04:31:33.941351+00:00", "date": "2026-02-26", "underlying": 25525.7, "ce_oi": 157776450.0, "pe_oi": 121417465.0, "total_ce_oi_value": 8270690112.75, "total_pe_oi_value": 7690489979.25}
[2026-02-26T04:31:33.998751+00:00] [SUCCESS] Data saved – id=59 ts=2026-02-26T04:31:33.941351+00:00
[2026-02-26T17:11:02.245611+00:00] [STARTUP] Database initialised
[2026-02-26T17:11:02.245611+00:00] [STARTUP] Python backend listening on http://localhost:4000
[2026-02-26T17:11:02.246829+00:00] [STARTUP] Date: 2026-02-26
[2026-02-26T17:11:21.508188+00:00] [CONNECT] Expiry: 2026-03-02
[2026-02-26T17:11:21.510192+00:00] [CONNECT SUCCESS] cleared=False
[2026-02-26T17:11:22.096690+00:00] [REQUEST] POST /api/process - expiry: 2026-03-02
[2026-02-26T17:11:22.109691+00:00] [UPSTOX FETCH] instrument=NSE_INDEX|Nifty 50 expiry=2026-03-02
[2026-02-26T17:11:22.543807+00:00] [UPSTOX FETCH] status=success rows=93
[2026-02-26T17:11:22.606990+00:00] [DATA POINT] {"id": 60, "timestamp": "2026-02-26T17:11:22.596175+00:00", "date": "2026-02-26", "underlying": 25496.55, "ce_oi": 159923205.0, "pe_oi": 111740330.0, "total_ce_oi_value": 6336219454.5, "total_pe_oi_value": 5820091839.25}
[2026-02-26T17:11:22.607561+00:00] [SUCCESS] Data saved – id=60 ts=2026-02-26T17:11:22.596175+00:00
[2026-02-26T17:12:22.923075+00:00] [REQUEST] POST /api/process - expiry: 2026-03-02
[2026-02-26T17:12:22.924079+00:00] [UPSTOX FETCH] instrument=NSE_INDEX|Nifty 50 expiry=2026-03-02
[2026-02-26T17:12:23.261654+00:00] [UPSTOX FETCH] status=success rows=93
[2026-02-26T17:12:23.314479+00:00] [DATA POINT] {"id": 61, "timestamp": "2026-02-26T17:12:23.263520+00:00", "date": "2026-02-26", "underlying": 25496.55, "ce_oi": 159923205.0, "pe_oi": 111740330.0, "total_ce_oi_value": 6336219454.5, "total_pe_oi_value": 5820091839.25}
[2026-02-26T17:12:23.314479+00:00] [SUCCESS] Data saved – id=61 ts=2026-02-26T17:12:23.263520+00:00
[2026-02-26T17:13:24.618406+00:00] [REQUEST] POST /api/process - expiry: 2026-03-02
[2026-02-26T17:13:24.619407+00:00] [UPSTOX FETCH] instrument=NSE_INDEX|Nifty 50 expiry=2026-03-02
[2026-02-26T17:13:24.989028+00:00] [UPSTOX FETCH] status=success rows=93
[2026-02-26T17:13:25.045823+00:00] [DATA POINT] {"id": 62, "timestamp": "2026-02-26T17:13:24.992026+00:00", "date": "2026-02-26", "underlying": 25496.55, "ce_oi": 159923205.0, "pe_oi": 111740330.0, "total_ce_oi_value": 6336219454.5, "total_pe_oi_value": 5820091839.25}
[2026-02-26T17:13:25.045823+00:00] [SUCCESS] Data saved – id=62 ts=2026-02-26T17:13:24.992026+00:00
[2026-02-26T17:14:25.612927+00:00] [REQUEST] POST /api/process - expiry: 2026-03-02
[2026-02-26T17:14:25.614442+00:00] [UPSTOX FETCH] instrument=NSE_INDEX|Nifty 50 expiry=2026-03-02
[2026-02-26T17:14:25.834043+00:00] [UPSTOX FETCH] status=success rows=93
[2026-02-26T17:14:25.890397+00:00] [DATA POINT] {"id": 63, "timestamp": "2026-02-26T17:14:25.837106+00:00", "date": "2026-02-26", "underlying": 25496.55, "ce_oi": 159923205.0, "pe_oi": 111740330.0, "total_ce_oi_value": 6336219454.5, "total_pe_oi_value": 5820091839.25}
[2026-02-26T17:14:25.891401+00:00] [SUCCESS] Data saved – id=63 ts=2026-02-26T17:14:25.837106+00:00
[2026-02-26T17:15:26.869239+00:00] [REQUEST] POST /api/process - expiry: 2026-03-02
[2026-02-26T17:15:26.871248+00:00] [UPSTOX FETCH] instrument=NSE_INDEX|Nifty 50 expiry=2026-03-02
[2026-02-26T17:15:27.139227+00:00] [UPSTOX FETCH] status=success rows=93
[2026-02-26T17:15:27.164557+00:00] [DATA POINT] {"id": 64, "timestamp": "2026-02-26T17:15:27.142226+00:00", "date": "2026-02-26", "underlying": 25496.55, "ce_oi": 159923205.0, "pe_oi": 111740330.0, "total_ce_oi_value": 6336219454.5, "total_pe_oi_value": 5820091839.25}
[2026-02-26T17:15:27.165061+00:00] [SUCCESS] Data saved – id=64 ts=2026-02-26T17:15:27.142226+00:00
[2026-02-26T17:16:27.877675+00:00] [REQUEST] POST /api/process - expiry: 2026-03-02
[2026-02-26T17:16:27.879684+00:00] [UPSTOX FETCH] instrument=NSE_INDEX|Nifty 50 expiry=2026-03-02
[2026-02-26T17:16:28.162935+00:00] [UPSTOX FETCH] status=success rows=93
[2026-02-26T17:16:28.223157+00:00] [DATA POINT] {"id": 65, "timestamp": "2026-02-26T17:16:28.168454+00:00", "date": "2026-02-26", "underlying": 25496.55, "ce_oi": 159923205.0, "pe_oi": 111740330.0, "total_ce_oi_value": 6336219454.5, "total_pe_oi_value": 5820091839.25}
[2026-02-26T17:16:28.224339+00:00] [SUCCESS] Data saved – id=65 ts=2026-02-26T17:16:28.168454+00:00
[2026-02-26T17:17:28.886369+00:00] [REQUEST] POST /api/process - expiry: 2026-03-02
[2026-02-26T17:17:28.888372+00:00] [UPSTOX FETCH] instrument=NSE_INDEX|Nifty 50 expiry=2026-03-02
[2026-02-26T17:17:29.264953+00:00] [UPSTOX FETCH] status=success rows=93
[2026-02-26T17:17:29.321297+00:00] [DATA POINT] {"id": 66, "timestamp": "2026-02-26T17:17:29.267955+00:00", "date": "2026-02-26", "underlying": 25496.55, "ce_oi": 159923205.0, "pe_oi": 111740330.0, "total_ce_oi_value": 6336219454.5, "total_pe_oi_value": 5820091839.25}
[2026-02-26T17:17:29.321802+00:00] [SUCCESS] Data saved – id=66 ts=2026-02-26T17:17:29.267955+00:00
[2026-02-26T17:34:11.530587+00:00] [STARTUP] Database initialised
[2026-02-26T17:34:11.531587+00:00] [STARTUP] Python backend listening on http://localhost:4000
[2026-02-26T17:34:11.531587+00:00] [STARTUP] Date: 2026-02-26
[2026-02-26T17:35:00.612682+00:00] [REQUEST] POST /api/process - expiry: 2026-03-02
[2026-02-26T17:35:00.622863+00:00] [UPSTOX FETCH] instrument=NSE_INDEX|Nifty 50 expiry=2026-03-02
[2026-02-26T17:35:00.993811+00:00] [UPSTOX FETCH] status=success rows=93
[2026-02-26T17:35:01.055950+00:00] [DATA POINT] {"id": 67, "timestamp": "2026-02-26T17:35:01Z", "date": "2026-02-26", "underlying": 25496.55, "ce_oi": 159923205.0, "pe_oi": 111740330.0, "total_ce_oi_value": 6336219454.5, "total_pe_oi_value": 5820091839.25}
[2026-02-26T17:35:01.055950+00:00] [SUCCESS] Data saved – id=67 ts=2026-02-26T17:35:01Z
[2026-02-26T17:36:00.611506+00:00] [REQUEST] POST /api/process - expiry: 2026-03-02
[2026-02-26T17:36:00.612516+00:00] [UPSTOX FETCH] instrument=NSE_INDEX|Nifty 50 expiry=2026-03-02
[2026-02-26T17:36:00.880727+00:00] [UPSTOX FETCH] status=success rows=93
[2026-02-26T17:36:00.940765+00:00] [DATA POINT] {"id": 68, "timestamp": "2026-02-26T17:36:00Z", "date": "2026-02-26", "underlying": 25496.55, "ce_oi": 159923205.0, "pe_oi": 111740330.0, "total_ce_oi_value": 6336219454.5, "total_pe_oi_value": 5820091839.25}
[2026-02-26T17:36:00.941766+00:00] [SUCCESS] Data saved – id=68 ts=2026-02-26T17:36:00Z
[2026-02-26T17:38:00.608056+00:00] [REQUEST] POST /api/process - expiry: 2026-03-02
[2026-02-26T17:38:00.609056+00:00] [UPSTOX FETCH] instrument=NSE_INDEX|Nifty 50 expiry=2026-03-02
[2026-02-26T17:38:00.825836+00:00] [UPSTOX FETCH] status=success rows=93
[2026-02-26T17:38:00.885364+00:00] [DATA POINT] {"id": 69, "timestamp": "2026-02-26T17:38:00Z", "date": "2026-02-26", "underlying": 25496.55, "ce_oi": 159923205.0, "pe_oi": 111740330.0, "total_ce_oi_value": 6336219454.5, "total_pe_oi_value": 5820091839.25}
[2026-02-26T17:38:00.885364+00:00] [SUCCESS] Data saved – id=69 ts=2026-02-26T17:38:00Z
[2026-02-26T17:39:00.616453+00:00] [REQUEST] POST /api/process - expiry: 2026-03-02
[2026-02-26T17:39:00.618462+00:00] [UPSTOX FETCH] instrument=NSE_INDEX|Nifty 50 expiry=2026-03-02
[2026-02-26T17:39:00.856366+00:00] [UPSTOX FETCH] status=success rows=93
[2026-02-26T17:39:00.882385+00:00] [DATA POINT] {"id": 70, "timestamp": "2026-02-26T17:39:00Z", "date": "2026-02-26", "underlying": 25496.55, "ce_oi": 159923205.0, "pe_oi": 111740330.0, "total_ce_oi_value": 6336219454.5, "total_pe_oi_value": 5820091839.25}
[2026-02-26T17:39:00.883895+00:00] [SUCCESS] Data saved – id=70 ts=2026-02-26T17:39:00Z
[2026-02-26T17:40:00.874580+00:00] [REQUEST] POST /api/process - expiry: 2026-03-02
[2026-02-26T17:40:00.876084+00:00] [UPSTOX FETCH] instrument=NSE_INDEX|Nifty 50 expiry=2026-03-02
[2026-02-26T17:40:01.094101+00:00] [UPSTOX FETCH] status=success rows=93
[2026-02-26T17:40:01.107737+00:00] [DATA POINT] {"id": 71, "timestamp": "2026-02-26T17:40:01Z", "date": "2026-02-26", "underlying": 25496.55, "ce_oi": 159923205.0, "pe_oi": 111740330.0, "total_ce_oi_value": 6336219454.5, "total_pe_oi_value": 5820091839.25}
[2026-02-26T17:40:01.108737+00:00] [SUCCESS] Data saved – id=71 ts=2026-02-26T17:40:01Z
[2026-02-26T17:42:00.557673+00:00] [REQUEST] POST /api/process - expiry: 2026-03-02
[2026-02-26T17:42:00.559675+00:00] [UPSTOX FETCH] instrument=NSE_INDEX|Nifty 50 expiry=2026-03-02
[2026-02-26T17:42:00.930237+00:00] [UPSTOX FETCH] status=success rows=93
[2026-02-26T17:42:00.942172+00:00] [DATA POINT] {"id": 72, "timestamp": "2026-02-26T17:42:00Z", "date": "2026-02-26", "underlying": 25496.55, "ce_oi": 159923205.0, "pe_oi": 111740330.0, "total_ce_oi_value": 6336219454.5, "total_pe_oi_value": 5820091839.25}
[2026-02-26T17:42:00.942172+00:00] [SUCCESS] Data saved – id=72 ts=2026-02-26T17:42:00Z
[2026-02-26T17:43:00.611205+00:00] [REQUEST] POST /api/process - expiry: 2026-03-02
[2026-02-26T17:43:00.612233+00:00] [UPSTOX FETCH] instrument=NSE_INDEX|Nifty 50 expiry=2026-03-02
[2026-02-26T17:43:00.874719+00:00] [UPSTOX FETCH] status=success rows=93
[2026-02-26T17:43:00.887247+00:00] [DATA POINT] {"id": 73, "timestamp": "2026-02-26T17:43:00Z", "date": "2026-02-26", "underlying": 25496.55, "ce_oi": 159923205.0, "pe_oi": 111740330.0, "total_ce_oi_value": 6336219454.5, "total_pe_oi_value": 5820091839.25}
[2026-02-26T17:43:00.888249+00:00] [SUCCESS] Data saved – id=73 ts=2026-02-26T17:43:00Z
[2026-02-26T17:44:00.607570+00:00] [REQUEST] POST /api/process - expiry: 2026-03-02
[2026-02-26T17:44:00.608562+00:00] [UPSTOX FETCH] instrument=NSE_INDEX|Nifty 50 expiry=2026-03-02
[2026-02-26T17:44:00.854113+00:00] [UPSTOX FETCH] status=success rows=93
[2026-02-26T17:44:00.912559+00:00] [DATA POINT] {"id": 74, "timestamp": "2026-02-26T17:44:00Z", "date": "2026-02-26", "underlying": 25496.55, "ce_oi": 159923205.0, "pe_oi": 111740330.0, "total_ce_oi_value": 6336219454.5, "total_pe_oi_value": 5820091839.25}
[2026-02-26T17:44:00.913558+00:00] [SUCCESS] Data saved – id=74 ts=2026-02-26T17:44:00Z
[2026-02-26T17:48:40.162779+00:00] [STARTUP] Database initialised
[2026-02-26T17:48:40.162779+00:00] [STARTUP] Python backend listening on http://localhost:4000
[2026-02-26T17:48:40.163783+00:00] [STARTUP] Date: 2026-02-26
[2026-02-26T17:49:00.567797+00:00] [REQUEST] POST /api/process - expiry: 2026-03-02
[2026-02-26T17:49:00.575934+00:00] [UPSTOX FETCH] instrument=NSE_INDEX|Nifty 50 expiry=2026-03-02
[2026-02-26T17:49:00.908818+00:00] [UPSTOX FETCH] status=success rows=93
[2026-02-26T17:49:00.967531+00:00] [DATA POINT] {"id": 75, "timestamp": "2026-02-26T17:49:00Z", "date": "2026-02-26", "underlying": 25496.55, "ce_oi": 159923205.0, "pe_oi": 111740330.0, "total_ce_oi_value": 6336219454.5, "total_pe_oi_value": 5820091839.25}
[2026-02-26T17:49:00.968537+00:00] [SUCCESS] Data saved – id=75 ts=2026-02-26T17:49:00Z
[2026-02-26T17:50:04.426129+00:00] [STARTUP] Database initialised
[2026-02-26T17:50:04.426129+00:00] [STARTUP] Python backend listening on http://localhost:4000
[2026-02-26T17:50:04.426129+00:00] [STARTUP] Date: 2026-02-26
[2026-02-26T17:50:13.441146+00:00] [STARTUP] Database initialised
[2026-02-26T17:50:13.442159+00:00] [STARTUP] Python backend listening on http://localhost:4000
[2026-02-26T17:50:13.443180+00:00] [STARTUP] Date: 2026-02-26
[2026-02-26T17:50:13.720133+00:00] [REQUEST] POST /api/process - expiry: 2026-03-02
[2026-02-26T17:50:13.724277+00:00] [UPSTOX FETCH] instrument=NSE_INDEX|Nifty 50 expiry=2026-03-02
[2026-02-26T17:50:13.936105+00:00] [UPSTOX FETCH] status=success rows=93
[2026-02-26T17:50:13.944108+00:00] [DATA POINT] {"id": 76, "timestamp": "2026-02-26T17:50:13Z", "date": "2026-02-26", "underlying": 25496.55, "ce_oi": 159923205.0, "pe_oi": 111740330.0, "total_ce_oi_value": 6336219454.5, "total_pe_oi_value": 5820091839.25}
[2026-02-26T17:50:13.945244+00:00] [SUCCESS] Data saved – id=76 ts=2026-02-26T17:50:13Z
[2026-02-26T18:15:39.323302+00:00] [STARTUP] Database initialised
[2026-02-26T18:15:39.324301+00:00] [STARTUP] Python backend listening on http://localhost:4000
[2026-02-26T18:15:39.324301+00:00] [STARTUP] Date: 2026-02-26
[2026-02-26T18:15:39.395686+00:00] [SCHEDULER] APScheduler started — fetching every minute at :00
[2026-02-26T18:16:00.588670+00:00] [REQUEST] POST /api/process - expiry: 2026-03-02
[2026-02-26T18:16:00.607398+00:00] [UPSTOX FETCH] instrument=NSE_INDEX|Nifty 50 expiry=2026-03-02
[2026-02-26T18:16:00.968530+00:00] [UPSTOX FETCH] status=success rows=93
[2026-02-26T18:16:01.027445+00:00] [DATA POINT] {"id": 77, "timestamp": "2026-02-26T18:16:00Z", "date": "2026-02-26", "underlying": 25496.55, "ce_oi": 159923205.0, "pe_oi": 111740330.0, "total_ce_oi_value": 6336219454.5, "total_pe_oi_value": 5820091839.25}
[2026-02-26T18:16:01.027445+00:00] [SUCCESS] Data saved – id=77 ts=2026-02-26T18:16:00Z
[2026-02-26T18:17:00.003217+00:00] [UPSTOX FETCH] instrument=NSE_INDEX|Nifty 50 expiry=2026-03-02
[2026-02-26T18:17:00.223547+00:00] [UPSTOX FETCH] status=success rows=93
[2026-02-26T18:17:00.286577+00:00] [DATA POINT] {"id": 78, "timestamp": "2026-02-26T18:17:00Z", "date": "2026-02-26", "underlying": 25496.55, "ce_oi": 159923205.0, "pe_oi": 111740330.0, "total_ce_oi_value": 6336219454.5, "total_pe_oi_value": 5820091839.25}
[2026-02-26T18:17:00.286577+00:00] [SCHEDULER] Saved snapshot id=78 ts=2026-02-26T18:17:00Z
[2026-02-26T18:17:00.581510+00:00] [REQUEST] POST /api/process - expiry: 2026-03-02
[2026-02-26T18:17:00.590020+00:00] [CACHE HIT] Returning scheduler-saved data for 2026-02-26T18:17:00Z
[2026-02-26T18:17:34.248945+00:00] [REQUEST] POST /api/process - expiry: 2026-03-02
[2026-02-26T18:17:34.256632+00:00] [UPSTOX FETCH] instrument=NSE_INDEX|Nifty 50 expiry=2026-03-02
[2026-02-26T18:17:34.463020+00:00] [UPSTOX FETCH] status=success rows=93
[2026-02-26T18:17:34.521925+00:00] [DATA POINT] {"id": 79, "timestamp": "2026-02-26T18:17:34Z", "date": "2026-02-26", "underlying": 25496.55, "ce_oi": 159923205.0, "pe_oi": 111740330.0, "total_ce_oi_value": 6336219454.5, "total_pe_oi_value": 5820091839.25}
[2026-02-26T18:17:34.521925+00:00] [SUCCESS] Data saved – id=79 ts=2026-02-26T18:17:34Z
[2026-02-26T18:17:50.491845+00:00] [STARTUP] Database initialised
[2026-02-26T18:17:50.492844+00:00] [STARTUP] Python backend listening on http://localhost:4000
[2026-02-26T18:17:50.492844+00:00] [STARTUP] Date: 2026-02-26
[2026-02-26T18:17:50.551723+00:00] [SCHEDULER] APScheduler started — fetching every minute at :00
