[2026-02-25T14:40:06.524Z] [STARTUP] Backend listening on http://localhost:4000
[2026-02-25T14:40:06.525Z] [STARTUP] Logging initialized for date: 2026-02-25
[2026-02-25T14:40:06.525Z] [STARTUP] Database connected successfully
[2026-02-25T14:40:21.563Z] [REQUEST] POST /api/process - URL: https://www.nseindia.com/api/option-chain-v3?type=Indices&symbol=NIFTY&expiry=02-Mar-2026
[2026-02-25T14:40:22.544Z] [FETCH SUCCESS] Got valid JSON response from API
[2026-02-25T14:40:22.557Z] [DATA POINT] {"id":348,"timestamp":"2026-02-25T14:40:22.547Z","date":"2026-02-25","underlying":25482.5,"nifty_price":25482.5,"ce_oi":2053681,"pe_oi":1342857,"ce_vol":32489291,"pe_vol":32496576,"total_ce_oi_value":6317199980,"total_pe_oi_value":6442673757}
[2026-02-25T14:40:22.558Z] [SUCCESS] Data processed and saved - ID: 348, Timestamp: 2026-02-25T14:40:22.547Z
[2026-02-25T14:41:22.309Z] [REQUEST] POST /api/process - URL: https://www.nseindia.com/api/option-chain-v3?type=Indices&symbol=NIFTY&expiry=02-Mar-2026
[2026-02-25T14:41:22.812Z] [FETCH SUCCESS] Got valid JSON response from API
[2026-02-25T14:41:22.824Z] [DATA POINT] {"id":349,"timestamp":"2026-02-25T14:41:22.813Z","date":"2026-02-25","underlying":25482.5,"nifty_price":25482.5,"ce_oi":2053681,"pe_oi":1342857,"ce_vol":32489291,"pe_vol":32496576,"total_ce_oi_value":6317199980,"total_pe_oi_value":6442673757}
[2026-02-25T14:41:22.825Z] [SUCCESS] Data processed and saved - ID: 349, Timestamp: 2026-02-25T14:41:22.813Z
[2026-02-25T14:42:21.557Z] [REQUEST] POST /api/process - URL: https://www.nseindia.com/api/option-chain-v3?type=Indices&symbol=NIFTY&expiry=02-Mar-2026
[2026-02-25T14:42:22.346Z] [FETCH SUCCESS] Got valid JSON response from API
[2026-02-25T14:42:22.356Z] [DATA POINT] {"id":350,"timestamp":"2026-02-25T14:42:22.347Z","date":"2026-02-25","underlying":25482.5,"nifty_price":25482.5,"ce_oi":2053681,"pe_oi":1342857,"ce_vol":32489291,"pe_vol":32496576,"total_ce_oi_value":6317199980,"total_pe_oi_value":6442673757}
[2026-02-25T14:42:22.357Z] [SUCCESS] Data processed and saved - ID: 350, Timestamp: 2026-02-25T14:42:22.347Z
[2026-02-25T14:43:21.552Z] [REQUEST] POST /api/process - URL: https://www.nseindia.com/api/option-chain-v3?type=Indices&symbol=NIFTY&expiry=02-Mar-2026
[2026-02-25T14:43:22.278Z] [FETCH SUCCESS] Got valid JSON response from API
[2026-02-25T14:43:22.287Z] [DATA POINT] {"id":351,"timestamp":"2026-02-25T14:43:22.279Z","date":"2026-02-25","underlying":25482.5,"nifty_price":25482.5,"ce_oi":2053681,"pe_oi":1342857,"ce_vol":32489291,"pe_vol":32496576,"total_ce_oi_value":6317199980,"total_pe_oi_value":6442673757}
[2026-02-25T14:43:22.288Z] [SUCCESS] Data processed and saved - ID: 351, Timestamp: 2026-02-25T14:43:22.279Z
[2026-02-25T14:44:22.306Z] [REQUEST] POST /api/process - URL: https://www.nseindia.com/api/option-chain-v3?type=Indices&symbol=NIFTY&expiry=02-Mar-2026
[2026-02-25T14:44:22.847Z] [FETCH SUCCESS] Got valid JSON response from API
[2026-02-25T14:44:22.857Z] [DATA POINT] {"id":352,"timestamp":"2026-02-25T14:44:22.848Z","date":"2026-02-25","underlying":25482.5,"nifty_price":25482.5,"ce_oi":2053681,"pe_oi":1342857,"ce_vol":32489291,"pe_vol":32496576,"total_ce_oi_value":6317199980,"total_pe_oi_value":6442673757}
[2026-02-25T14:44:22.858Z] [SUCCESS] Data processed and saved - ID: 352, Timestamp: 2026-02-25T14:44:22.848Z
[2026-02-25T14:45:22.318Z] [REQUEST] POST /api/process - URL: https://www.nseindia.com/api/option-chain-v3?type=Indices&symbol=NIFTY&expiry=02-Mar-2026
[2026-02-25T14:45:23.083Z] [FETCH SUCCESS] Got valid JSON response from API
[2026-02-25T14:45:23.092Z] [DATA POINT] {"id":353,"timestamp":"2026-02-25T14:45:23.084Z","date":"2026-02-25","underlying":25482.5,"nifty_price":25482.5,"ce_oi":2053681,"pe_oi":1342857,"ce_vol":32489291,"pe_vol":32496576,"total_ce_oi_value":6317199980,"total_pe_oi_value":6442673757}
[2026-02-25T14:45:23.093Z] [SUCCESS] Data processed and saved - ID: 353, Timestamp: 2026-02-25T14:45:23.084Z
[2026-02-25T14:46:21.554Z] [REQUEST] POST /api/process - URL: https://www.nseindia.com/api/option-chain-v3?type=Indices&symbol=NIFTY&expiry=02-Mar-2026
[2026-02-25T14:46:22.408Z] [FETCH SUCCESS] Got valid JSON response from API
[2026-02-25T14:46:22.416Z] [DATA POINT] {"id":354,"timestamp":"2026-02-25T14:46:22.409Z","date":"2026-02-25","underlying":25482.5,"nifty_price":25482.5,"ce_oi":2053681,"pe_oi":1342857,"ce_vol":32489291,"pe_vol":32496576,"total_ce_oi_value":6317199980,"total_pe_oi_value":6442673757}
[2026-02-25T14:46:22.417Z] [SUCCESS] Data processed and saved - ID: 354, Timestamp: 2026-02-25T14:46:22.409Z
[2026-02-25T14:47:22.309Z] [REQUEST] POST /api/process - URL: https://www.nseindia.com/api/option-chain-v3?type=Indices&symbol=NIFTY&expiry=02-Mar-2026
[2026-02-25T14:47:23.630Z] [FETCH SUCCESS] Got valid JSON response from API
[2026-02-25T14:47:23.640Z] [DATA POINT] {"id":355,"timestamp":"2026-02-25T14:47:23.631Z","date":"2026-02-25","underlying":25482.5,"nifty_price":25482.5,"ce_oi":2053681,"pe_oi":1342857,"ce_vol":32489291,"pe_vol":32496576,"total_ce_oi_value":6317199980,"total_pe_oi_value":6442673757}
[2026-02-25T14:47:23.641Z] [SUCCESS] Data processed and saved - ID: 355, Timestamp: 2026-02-25T14:47:23.631Z
[2026-02-25T14:48:57.306Z] [REQUEST] POST /api/process - URL: https://www.nseindia.com/api/option-chain-v3?type=Indices&symbol=NIFTY&expiry=02-Mar-2026
[2026-02-25T14:48:58.078Z] [FETCH SUCCESS] Got valid JSON response from API
[2026-02-25T14:48:58.087Z] [DATA POINT] {"id":356,"timestamp":"2026-02-25T14:48:58.079Z","date":"2026-02-25","underlying":25482.5,"nifty_price":25482.5,"ce_oi":2053681,"pe_oi":1342857,"ce_vol":32489291,"pe_vol":32496576,"total_ce_oi_value":6317199980,"total_pe_oi_value":6442673757}
[2026-02-25T14:48:58.087Z] [SUCCESS] Data processed and saved - ID: 356, Timestamp: 2026-02-25T14:48:58.079Z
[2026-02-25T14:49:57.318Z] [REQUEST] POST /api/process - URL: https://www.nseindia.com/api/option-chain-v3?type=Indices&symbol=NIFTY&expiry=02-Mar-2026
[2026-02-25T14:49:58.088Z] [FETCH SUCCESS] Got valid JSON response from API
[2026-02-25T14:49:58.096Z] [DATA POINT] {"id":357,"timestamp":"2026-02-25T14:49:58.089Z","date":"2026-02-25","underlying":25482.5,"nifty_price":25482.5,"ce_oi":2053681,"pe_oi":1342857,"ce_vol":32489291,"pe_vol":32496576,"total_ce_oi_value":6317199980,"total_pe_oi_value":6442673757}
[2026-02-25T14:49:58.096Z] [SUCCESS] Data processed and saved - ID: 357, Timestamp: 2026-02-25T14:49:58.089Z
[2026-02-25T14:50:57.316Z] [REQUEST] POST /api/process - URL: https://www.nseindia.com/api/option-chain-v3?type=Indices&symbol=NIFTY&expiry=02-Mar-2026
[2026-02-25T14:50:58.171Z] [FETCH SUCCESS] Got valid JSON response from API
[2026-02-25T14:50:58.179Z] [DATA POINT] {"id":358,"timestamp":"2026-02-25T14:50:58.171Z","date":"2026-02-25","underlying":25482.5,"nifty_price":25482.5,"ce_oi":2053681,"pe_oi":1342857,"ce_vol":32489291,"pe_vol":32496576,"total_ce_oi_value":6317199980,"total_pe_oi_value":6442673757}
[2026-02-25T14:50:58.180Z] [SUCCESS] Data processed and saved - ID: 358, Timestamp: 2026-02-25T14:50:58.171Z
[2026-02-25T14:52:12.622Z] [STARTUP] Backend listening on http://localhost:4000
[2026-02-25T14:52:12.622Z] [STARTUP] Logging initialized for date: 2026-02-25
[2026-02-25T14:52:12.623Z] [STARTUP] Database connected successfully
[2026-02-25T14:52:21.684Z] [REQUEST] POST /api/process - URL: https://www.nseindia.com/api/option-chain-v3?type=Indices&symbol=NIFTY&expiry=02-Mar-2026
[2026-02-25T14:52:22.542Z] [FETCH SUCCESS] Got valid JSON response from API
[2026-02-25T14:52:22.554Z] [DATA POINT] {"id":359,"timestamp":"2026-02-25T14:52:22.544Z","date":"2026-02-25","underlying":25482.5,"nifty_price":25482.5,"ce_oi":2053681,"pe_oi":1342857,"ce_vol":32489291,"pe_vol":32496576,"total_ce_oi_value":6317199980,"total_pe_oi_value":6442673757}
[2026-02-25T14:52:22.554Z] [SUCCESS] Data processed and saved - ID: 359, Timestamp: 2026-02-25T14:52:22.544Z
[2026-02-25T14:52:57.312Z] [REQUEST] POST /api/process - URL: https://www.nseindia.com/api/option-chain-v3?type=Indices&symbol=NIFTY&expiry=02-Mar-2026
[2026-02-25T14:52:57.978Z] [FETCH SUCCESS] Got valid JSON response from API
[2026-02-25T14:52:57.987Z] [DATA POINT] {"id":360,"timestamp":"2026-02-25T14:52:57.979Z","date":"2026-02-25","underlying":25482.5,"nifty_price":25482.5,"ce_oi":2053681,"pe_oi":1342857,"ce_vol":32489291,"pe_vol":32496576,"total_ce_oi_value":6317199980,"total_pe_oi_value":6442673757}
[2026-02-25T14:52:57.988Z] [SUCCESS] Data processed and saved - ID: 360, Timestamp: 2026-02-25T14:52:57.979Z
